# JRE version: Java(TM) SE Runtime Environment (8.0_161-b12) (build 1.8.0_161-b12)
# Java VM: Java HotSpot(TM) 64-Bit Server VM (25.161-b12 mixed mode windows-amd64 compressed oops)
Heap:
 PSYoungGen      total 399872K, used 287515K [0x00000000e0000000, 0x00000000fed00000, 0x0000000100000000)
  eden space 351744K, 71% used [0x00000000e0000000,0x00000000ef4071c0,0x00000000f5780000)
  from space 48128K, 78% used [0x00000000f5780000,0x00000000f7c3fdd0,0x00000000f8680000)
  to   space 51712K, 0% used [0x00000000fba80000,0x00000000fba80000,0x00000000fed00000)
 ParOldGen       total 128000K, used 83724K [0x00000000a0000000, 0x00000000a7d00000, 0x00000000e0000000)
  object space 128000K, 65% used [0x00000000a0000000,0x00000000a51c3000,0x00000000a7d00000)
 Metaspace       used 112804K, capacity 125060K, committed 125096K, reserved 1157120K
  class space    used 14541K, capacity 17571K, committed 17576K, reserved 1048576K
GC Heap History (10 events):
Event: 4856.452 GC heap before
{Heap before GC invocations=47 (full 4):
 PSYoungGen      total 289280K, used 280176K [0x00000000e0000000, 0x00000000f5680000, 0x0000000100000000)
  eden space 267776K, 100% used [0x00000000e0000000,0x00000000f0580000,0x00000000f0580000)
  from space 21504K, 57% used [0x00000000f1a00000,0x00000000f261c010,0x00000000f2f00000)
  to   space 20992K, 0% used [0x00000000f0580000,0x00000000f0580000,0x00000000f1a00000)
 ParOldGen       total 128000K, used 54549K [0x00000000a0000000, 0x00000000a7d00000, 0x00000000e0000000)
  object space 128000K, 42% used [0x00000000a0000000,0x00000000a3545560,0x00000000a7d00000)
 Metaspace       used 89163K, capacity 98820K, committed 99880K, reserved 1134592K
  class space    used 11554K, capacity 13911K, committed 14120K, reserved 1048576K
Event: 4856.476 GC heap after
Heap after GC invocations=47 (full 4):
 PSYoungGen      total 288768K, used 18702K [0x00000000e0000000, 0x00000000f6300000, 0x0000000100000000)
  eden space 267776K, 0% used [0x00000000e0000000,0x00000000e0000000,0x00000000f0580000)
  from space 20992K, 89% used [0x00000000f0580000,0x00000000f17c39f8,0x00000000f1a00000)
  to   space 23040K, 0% used [0x00000000f4c80000,0x00000000f4c80000,0x00000000f6300000)
 ParOldGen       total 128000K, used 54557K [0x00000000a0000000, 0x00000000a7d00000, 0x00000000e0000000)
  object space 128000K, 42% used [0x00000000a0000000,0x00000000a3547560,0x00000000a7d00000)
 Metaspace       used 89163K, capacity 98820K, committed 99880K, reserved 1134592K
  class space    used 11554K, capacity 13911K, committed 14120K, reserved 1048576K
}
Event: 4861.127 GC heap before
{Heap before GC invocations=48 (full 4):
 PSYoungGen      total 288768K, used 286478K [0x00000000e0000000, 0x00000000f6300000, 0x0000000100000000)
  eden space 267776K, 100% used [0x00000000e0000000,0x00000000f0580000,0x00000000f0580000)
  from space 20992K, 89% used [0x00000000f0580000,0x00000000f17c39f8,0x00000000f1a00000)
  to   space 23040K, 0% used [0x00000000f4c80000,0x00000000f4c80000,0x00000000f6300000)
 ParOldGen       total 128000K, used 54557K [0x00000000a0000000, 0x00000000a7d00000, 0x00000000e0000000)
  object space 128000K, 42% used [0x00000000a0000000,0x00000000a3547560,0x00000000a7d00000)
 Metaspace       used 98997K, capacity 109574K, committed 109864K, reserved 1142784K
  class space    used 12982K, capacity 15558K, committed 15656K, reserved 1048576K
Event: 4861.202 GC heap after
Heap after GC invocations=48 (full 4):
 PSYoungGen      total 329216K, used 23022K [0x00000000e0000000, 0x00000000f7780000, 0x0000000100000000)
  eden space 306176K, 0% used [0x00000000e0000000,0x00000000e0000000,0x00000000f2b00000)
  from space 23040K, 99% used [0x00000000f4c80000,0x00000000f62fbbb8,0x00000000f6300000)
  to   space 34304K, 0% used [0x00000000f2b00000,0x00000000f2b00000,0x00000000f4c80000)
 ParOldGen       total 128000K, used 75876K [0x00000000a0000000, 0x00000000a7d00000, 0x00000000e0000000)
  object space 128000K, 59% used [0x00000000a0000000,0x00000000a4a193b0,0x00000000a7d00000)
 Metaspace       used 98997K, capacity 109574K, committed 109864K, reserved 1142784K
  class space    used 12982K, capacity 15558K, committed 15656K, reserved 1048576K
}
Event: 4961.015 GC heap before
{Heap before GC invocations=49 (full 4):
 PSYoungGen      total 329216K, used 329198K [0x00000000e0000000, 0x00000000f7780000, 0x0000000100000000)
  eden space 306176K, 100% used [0x00000000e0000000,0x00000000f2b00000,0x00000000f2b00000)
  from space 23040K, 99% used [0x00000000f4c80000,0x00000000f62fbbb8,0x00000000f6300000)
  to   space 34304K, 0% used [0x00000000f2b00000,0x00000000f2b00000,0x00000000f4c80000)
 ParOldGen       total 128000K, used 75876K [0x00000000a0000000, 0x00000000a7d00000, 0x00000000e0000000)
  object space 128000K, 59% used [0x00000000a0000000,0x00000000a4a193b0,0x00000000a7d00000)
 Metaspace       used 107643K, capacity 118734K, committed 118824K, reserved 1150976K
  class space    used 13972K, capacity 16646K, committed 16680K, reserved 1048576K
Event: 4961.119 GC heap after
Heap after GC invocations=49 (full 4):
 PSYoungGen      total 340480K, used 34299K [0x00000000e0000000, 0x00000000fb000000, 0x0000000100000000)
  eden space 306176K, 0% used [0x00000000e0000000,0x00000000e0000000,0x00000000f2b00000)
  from space 34304K, 99% used [0x00000000f2b00000,0x00000000f4c7ecc0,0x00000000f4c80000)
  to   space 42496K, 0% used [0x00000000f8680000,0x00000000f8680000,0x00000000fb000000)
 ParOldGen       total 128000K, used 83708K [0x00000000a0000000, 0x00000000a7d00000, 0x00000000e0000000)
  object space 128000K, 65% used [0x00000000a0000000,0x00000000a51bf000,0x00000000a7d00000)
 Metaspace       used 107643K, capacity 118734K, committed 118824K, reserved 1150976K
  class space    used 13972K, capacity 16646K, committed 16680K, reserved 1048576K
}
Event: 5987.160 GC heap before
{Heap before GC invocations=50 (full 4):
 PSYoungGen      total 340480K, used 340475K [0x00000000e0000000, 0x00000000fb000000, 0x0000000100000000)
  eden space 306176K, 100% used [0x00000000e0000000,0x00000000f2b00000,0x00000000f2b00000)
  from space 34304K, 99% used [0x00000000f2b00000,0x00000000f4c7ecc0,0x00000000f4c80000)
  to   space 42496K, 0% used [0x00000000f8680000,0x00000000f8680000,0x00000000fb000000)
 ParOldGen       total 128000K, used 83708K [0x00000000a0000000, 0x00000000a7d00000, 0x00000000e0000000)
  object space 128000K, 65% used [0x00000000a0000000,0x00000000a51bf000,0x00000000a7d00000)
 Metaspace       used 110646K, capacity 122258K, committed 122408K, reserved 1155072K
  class space    used 14322K, capacity 17169K, committed 17192K, reserved 1048576K
Event: 5987.244 GC heap after
Heap after GC invocations=50 (full 4):
 PSYoungGen      total 394240K, used 39344K [0x00000000e0000000, 0x00000000fb700000, 0x0000000100000000)
  eden space 351744K, 0% used [0x00000000e0000000,0x00000000e0000000,0x00000000f5780000)
  from space 42496K, 92% used [0x00000000f8680000,0x00000000facec100,0x00000000fb000000)
  to   space 48128K, 0% used [0x00000000f5780000,0x00000000f5780000,0x00000000f8680000)
 ParOldGen       total 128000K, used 83716K [0x00000000a0000000, 0x00000000a7d00000, 0x00000000e0000000)
  object space 128000K, 65% used [0x00000000a0000000,0x00000000a51c1000,0x00000000a7d00000)
 Metaspace       used 110646K, capacity 122258K, committed 122408K, reserved 1155072K
  class space    used 14322K, capacity 17169K, committed 17192K, reserved 1048576K
}
Event: 6568.407 GC heap before
{Heap before GC invocations=51 (full 4):
 PSYoungGen      total 394240K, used 391088K [0x00000000e0000000, 0x00000000fb700000, 0x0000000100000000)
  eden space 351744K, 100% used [0x00000000e0000000,0x00000000f5780000,0x00000000f5780000)
  from space 42496K, 92% used [0x00000000f8680000,0x00000000facec100,0x00000000fb000000)
  to   space 48128K, 0% used [0x00000000f5780000,0x00000000f5780000,0x00000000f8680000)
 ParOldGen       total 128000K, used 83716K [0x00000000a0000000, 0x00000000a7d00000, 0x00000000e0000000)
  object space 128000K, 65% used [0x00000000a0000000,0x00000000a51c1000,0x00000000a7d00000)
 Metaspace       used 112104K, capacity 124074K, committed 124200K, reserved 1157120K
  class space    used 14483K, capacity 17404K, committed 17448K, reserved 1048576K
Event: 6568.494 GC heap after
Heap after GC invocations=51 (full 4):
 PSYoungGen      total 399872K, used 37631K [0x00000000e0000000, 0x00000000fed00000, 0x0000000100000000)
  eden space 351744K, 0% used [0x00000000e0000000,0x00000000e0000000,0x00000000f5780000)
  from space 48128K, 78% used [0x00000000f5780000,0x00000000f7c3fdd0,0x00000000f8680000)
  to   space 51712K, 0% used [0x00000000fba80000,0x00000000fba80000,0x00000000fed00000)
 ParOldGen       total 128000K, used 83724K [0x00000000a0000000, 0x00000000a7d00000, 0x00000000e0000000)
  object space 128000K, 65% used [0x00000000a0000000,0x00000000a51c3000,0x00000000a7d00000)
 Metaspace       used 112104K, capacity 124074K, committed 124200K, reserved 1157120K
  class space    used 14483K, capacity 17404K, committed 17448K, reserved 1048576K
}

