# JRE version: Java(TM) SE Runtime Environment (8.0_161-b12) (build 1.8.0_161-b12)
# Java VM: Java HotSpot(TM) 64-Bit Server VM (25.161-b12 mixed mode windows-amd64 compressed oops)
Heap:
 PSYoungGen      total 396800K, used 38857K [0x00000000e0000000, 0x00000000fc380000, 0x0000000100000000)
  eden space 368128K, 10% used [0x00000000e0000000,0x00000000e25f24b8,0x00000000f6780000)
  from space 28672K, 0% used [0x00000000f9100000,0x00000000f9100000,0x00000000fad00000)
  to   space 42496K, 0% used [0x00000000f6780000,0x00000000f6780000,0x00000000f9100000)
 ParOldGen       total 238592K, used 113883K [0x00000000a0000000, 0x00000000ae900000, 0x00000000e0000000)
  object space 238592K, 47% used [0x00000000a0000000,0x00000000a6f36dd0,0x00000000ae900000)
 Metaspace       used 79087K, capacity 82722K, committed 82992K, reserved 1120256K
  class space    used 10313K, capacity 11248K, committed 11312K, reserved 1048576K
GC Heap History (10 events):
Event: 97.458 GC heap before
{Heap before GC invocations=22 (full 3):
 PSYoungGen      total 326656K, used 300805K [0x00000000e0000000, 0x00000000f6780000, 0x0000000100000000)
  eden space 292352K, 100% used [0x00000000e0000000,0x00000000f1d80000,0x00000000f1d80000)
  from space 34304K, 24% used [0x00000000f3e00000,0x00000000f46415c0,0x00000000f5f80000)
  to   space 33280K, 0% used [0x00000000f1d80000,0x00000000f1d80000,0x00000000f3e00000)
 ParOldGen       total 133120K, used 94779K [0x00000000a0000000, 0x00000000a8200000, 0x00000000e0000000)
  object space 133120K, 71% used [0x00000000a0000000,0x00000000a5c8eda0,0x00000000a8200000)
 Metaspace       used 78050K, capacity 81688K, committed 81840K, reserved 1120256K
  class space    used 10202K, capacity 11117K, committed 11184K, reserved 1048576K
Event: 97.476 GC heap after
Heap after GC invocations=22 (full 3):
 PSYoungGen      total 325632K, used 12243K [0x00000000e0000000, 0x00000000f7e80000, 0x0000000100000000)
  eden space 292352K, 0% used [0x00000000e0000000,0x00000000e0000000,0x00000000f1d80000)
  from space 33280K, 36% used [0x00000000f1d80000,0x00000000f2974cc8,0x00000000f3e00000)
  to   space 31744K, 0% used [0x00000000f5f80000,0x00000000f5f80000,0x00000000f7e80000)
 ParOldGen       total 133120K, used 94787K [0x00000000a0000000, 0x00000000a8200000, 0x00000000e0000000)
  object space 133120K, 71% used [0x00000000a0000000,0x00000000a5c90da0,0x00000000a8200000)
 Metaspace       used 78050K, capacity 81688K, committed 81840K, reserved 1120256K
  class space    used 10202K, capacity 11117K, committed 11184K, reserved 1048576K
}
Event: 99.971 GC heap before
{Heap before GC invocations=23 (full 3):
 PSYoungGen      total 325632K, used 304595K [0x00000000e0000000, 0x00000000f7e80000, 0x0000000100000000)
  eden space 292352K, 100% used [0x00000000e0000000,0x00000000f1d80000,0x00000000f1d80000)
  from space 33280K, 36% used [0x00000000f1d80000,0x00000000f2974cc8,0x00000000f3e00000)
  to   space 31744K, 0% used [0x00000000f5f80000,0x00000000f5f80000,0x00000000f7e80000)
 ParOldGen       total 133120K, used 94787K [0x00000000a0000000, 0x00000000a8200000, 0x00000000e0000000)
  object space 133120K, 71% used [0x00000000a0000000,0x00000000a5c90da0,0x00000000a8200000)
 Metaspace       used 78083K, capacity 81688K, committed 81840K, reserved 1120256K
  class space    used 10203K, capacity 11117K, committed 11184K, reserved 1048576K
Event: 99.989 GC heap after
Heap after GC invocations=23 (full 3):
 PSYoungGen      total 353792K, used 11632K [0x00000000e0000000, 0x00000000f7a00000, 0x0000000100000000)
  eden space 326656K, 0% used [0x00000000e0000000,0x00000000e0000000,0x00000000f3f00000)
  from space 27136K, 42% used [0x00000000f5f80000,0x00000000f6adc0a0,0x00000000f7a00000)
  to   space 30208K, 0% used [0x00000000f3f00000,0x00000000f3f00000,0x00000000f5c80000)
 ParOldGen       total 133120K, used 94795K [0x00000000a0000000, 0x00000000a8200000, 0x00000000e0000000)
  object space 133120K, 71% used [0x00000000a0000000,0x00000000a5c92da0,0x00000000a8200000)
 Metaspace       used 78083K, capacity 81688K, committed 81840K, reserved 1120256K
  class space    used 10203K, capacity 11117K, committed 11184K, reserved 1048576K
}
Event: 101.757 GC heap before
{Heap before GC invocations=24 (full 3):
 PSYoungGen      total 353792K, used 338288K [0x00000000e0000000, 0x00000000f7a00000, 0x0000000100000000)
  eden space 326656K, 100% used [0x00000000e0000000,0x00000000f3f00000,0x00000000f3f00000)
  from space 27136K, 42% used [0x00000000f5f80000,0x00000000f6adc0a0,0x00000000f7a00000)
  to   space 30208K, 0% used [0x00000000f3f00000,0x00000000f3f00000,0x00000000f5c80000)
 ParOldGen       total 133120K, used 94795K [0x00000000a0000000, 0x00000000a8200000, 0x00000000e0000000)
  object space 133120K, 71% used [0x00000000a0000000,0x00000000a5c92da0,0x00000000a8200000)
 Metaspace       used 78109K, capacity 81752K, committed 82096K, reserved 1120256K
  class space    used 10205K, capacity 11117K, committed 11184K, reserved 1048576K
Event: 101.818 GC heap after
Heap after GC invocations=24 (full 3):
 PSYoungGen      total 356864K, used 14256K [0x00000000e0000000, 0x00000000fad00000, 0x0000000100000000)
  eden space 326656K, 0% used [0x00000000e0000000,0x00000000e0000000,0x00000000f3f00000)
  from space 30208K, 47% used [0x00000000f3f00000,0x00000000f4cec0c0,0x00000000f5c80000)
  to   space 28672K, 0% used [0x00000000f9100000,0x00000000f9100000,0x00000000fad00000)
 ParOldGen       total 133120K, used 94803K [0x00000000a0000000, 0x00000000a8200000, 0x00000000e0000000)
  object space 133120K, 71% used [0x00000000a0000000,0x00000000a5c94da0,0x00000000a8200000)
 Metaspace       used 78109K, capacity 81752K, committed 82096K, reserved 1120256K
  class space    used 10205K, capacity 11117K, committed 11184K, reserved 1048576K
}
Event: 108.463 GC heap before
{Heap before GC invocations=25 (full 3):
 PSYoungGen      total 356864K, used 340912K [0x00000000e0000000, 0x00000000fad00000, 0x0000000100000000)
  eden space 326656K, 100% used [0x00000000e0000000,0x00000000f3f00000,0x00000000f3f00000)
  from space 30208K, 47% used [0x00000000f3f00000,0x00000000f4cec0c0,0x00000000f5c80000)
  to   space 28672K, 0% used [0x00000000f9100000,0x00000000f9100000,0x00000000fad00000)
 ParOldGen       total 133120K, used 94803K [0x00000000a0000000, 0x00000000a8200000, 0x00000000e0000000)
  object space 133120K, 71% used [0x00000000a0000000,0x00000000a5c94da0,0x00000000a8200000)
 Metaspace       used 78664K, capacity 82332K, committed 82480K, reserved 1120256K
  class space    used 10271K, capacity 11197K, committed 11312K, reserved 1048576K
Event: 108.511 GC heap after
Heap after GC invocations=25 (full 3):
 PSYoungGen      total 396800K, used 28666K [0x00000000e0000000, 0x00000000fc380000, 0x0000000100000000)
  eden space 368128K, 0% used [0x00000000e0000000,0x00000000e0000000,0x00000000f6780000)
  from space 28672K, 99% used [0x00000000f9100000,0x00000000facfe918,0x00000000fad00000)
  to   space 42496K, 0% used [0x00000000f6780000,0x00000000f6780000,0x00000000f9100000)
 ParOldGen       total 133120K, used 120773K [0x00000000a0000000, 0x00000000a8200000, 0x00000000e0000000)
  object space 133120K, 90% used [0x00000000a0000000,0x00000000a75f14f0,0x00000000a8200000)
 Metaspace       used 78664K, capacity 82332K, committed 82480K, reserved 1120256K
  class space    used 10271K, capacity 11197K, committed 11312K, reserved 1048576K
}
Event: 108.511 GC heap before
{Heap before GC invocations=26 (full 4):
 PSYoungGen      total 396800K, used 28666K [0x00000000e0000000, 0x00000000fc380000, 0x0000000100000000)
  eden space 368128K, 0% used [0x00000000e0000000,0x00000000e0000000,0x00000000f6780000)
  from space 28672K, 99% used [0x00000000f9100000,0x00000000facfe918,0x00000000fad00000)
  to   space 42496K, 0% used [0x00000000f6780000,0x00000000f6780000,0x00000000f9100000)
 ParOldGen       total 133120K, used 120773K [0x00000000a0000000, 0x00000000a8200000, 0x00000000e0000000)
  object space 133120K, 90% used [0x00000000a0000000,0x00000000a75f14f0,0x00000000a8200000)
 Metaspace       used 78664K, capacity 82332K, committed 82480K, reserved 1120256K
  class space    used 10271K, capacity 11197K, committed 11312K, reserved 1048576K
Event: 109.769 GC heap after
Heap after GC invocations=26 (full 4):
 PSYoungGen      total 396800K, used 0K [0x00000000e0000000, 0x00000000fc380000, 0x0000000100000000)
  eden space 368128K, 0% used [0x00000000e0000000,0x00000000e0000000,0x00000000f6780000)
  from space 28672K, 0% used [0x00000000f9100000,0x00000000f9100000,0x00000000fad00000)
  to   space 42496K, 0% used [0x00000000f6780000,0x00000000f6780000,0x00000000f9100000)
 ParOldGen       total 238592K, used 113883K [0x00000000a0000000, 0x00000000ae900000, 0x00000000e0000000)
  object space 238592K, 47% used [0x00000000a0000000,0x00000000a6f36dd0,0x00000000ae900000)
 Metaspace       used 78643K, capacity 82274K, committed 82480K, reserved 1120256K
  class space    used 10263K, capacity 11184K, committed 11312K, reserved 1048576K
}

